2026-03-16 20:00:42.249 ERROR [main] KafkaAdmin - Could not configure topics
org.springframework.kafka.KafkaException: Timed out waiting to get existing topics
	at org.springframework.kafka.core.KafkaAdmin.lambda$checkPartitions$11(KafkaAdmin.java:520) ~[spring-kafka-3.1.3.jar:3.1.3]
	at java.base/java.util.HashMap.forEach(HashMap.java:1429) ~[?:?]
	at org.springframework.kafka.core.KafkaAdmin.checkPartitions(KafkaAdmin.java:499) ~[spring-kafka-3.1.3.jar:3.1.3]
	at org.springframework.kafka.core.KafkaAdmin.addOrModifyTopicsIfNeeded(KafkaAdmin.java:392) ~[spring-kafka-3.1.3.jar:3.1.3]
	at org.springframework.kafka.core.KafkaAdmin.initialize(KafkaAdmin.java:258) [spring-kafka-3.1.3.jar:3.1.3]
	at org.springframework.kafka.core.KafkaAdmin.afterSingletonsInstantiated(KafkaAdmin.java:222) [spring-kafka-3.1.3.jar:3.1.3]
	at org.springframework.beans.factory.support.DefaultListableBeanFactory.preInstantiateSingletons(DefaultListableBeanFactory.java:986) [spring-beans-6.1.5.jar:6.1.5]
	at org.springframework.context.support.AbstractApplicationContext.finishBeanFactoryInitialization(AbstractApplicationContext.java:962) [spring-context-6.1.5.jar:6.1.5]
	at org.springframework.context.support.AbstractApplicationContext.refresh(AbstractApplicationContext.java:624) [spring-context-6.1.5.jar:6.1.5]
	at org.springframework.boot.web.servlet.context.ServletWebServerApplicationContext.refresh(ServletWebServerApplicationContext.java:146) [spring-boot-3.2.4.jar:3.2.4]
	at org.springframework.boot.SpringApplication.refresh(SpringApplication.java:754) [spring-boot-3.2.4.jar:3.2.4]
	at org.springframework.boot.SpringApplication.refreshContext(SpringApplication.java:456) [spring-boot-3.2.4.jar:3.2.4]
	at org.springframework.boot.SpringApplication.run(SpringApplication.java:334) [spring-boot-3.2.4.jar:3.2.4]
	at org.springframework.boot.SpringApplication.run(SpringApplication.java:1354) [spring-boot-3.2.4.jar:3.2.4]
	at org.springframework.boot.SpringApplication.run(SpringApplication.java:1343) [spring-boot-3.2.4.jar:3.2.4]
	at FoodDelivery.auth.AuthServiceApplication.main(AuthServiceApplication.java:10) [classes/:?]
Caused by: java.util.concurrent.TimeoutException
	at java.base/java.util.concurrent.CompletableFuture.timedGet(CompletableFuture.java:1960) ~[?:?]
	at java.base/java.util.concurrent.CompletableFuture.get(CompletableFuture.java:2095) ~[?:?]
	at org.apache.kafka.common.internals.KafkaFutureImpl.get(KafkaFutureImpl.java:180) ~[kafka-clients-3.6.1.jar:?]
	at org.springframework.kafka.core.KafkaAdmin.lambda$checkPartitions$11(KafkaAdmin.java:502) ~[spring-kafka-3.1.3.jar:3.1.3]
	... 15 more
2026-03-16 20:01:40.646 ERROR [main] KafkaAdmin - Could not configure topics
org.springframework.kafka.KafkaException: Timed out waiting to get existing topics
	at org.springframework.kafka.core.KafkaAdmin.lambda$checkPartitions$11(KafkaAdmin.java:520) ~[spring-kafka-3.1.3.jar:3.1.3]
	at java.base/java.util.HashMap.forEach(HashMap.java:1429) ~[?:?]
	at org.springframework.kafka.core.KafkaAdmin.checkPartitions(KafkaAdmin.java:499) ~[spring-kafka-3.1.3.jar:3.1.3]
	at org.springframework.kafka.core.KafkaAdmin.addOrModifyTopicsIfNeeded(KafkaAdmin.java:392) ~[spring-kafka-3.1.3.jar:3.1.3]
	at org.springframework.kafka.core.KafkaAdmin.initialize(KafkaAdmin.java:258) [spring-kafka-3.1.3.jar:3.1.3]
	at org.springframework.kafka.core.KafkaAdmin.afterSingletonsInstantiated(KafkaAdmin.java:222) [spring-kafka-3.1.3.jar:3.1.3]
	at org.springframework.beans.factory.support.DefaultListableBeanFactory.preInstantiateSingletons(DefaultListableBeanFactory.java:986) [spring-beans-6.1.5.jar:6.1.5]
	at org.springframework.context.support.AbstractApplicationContext.finishBeanFactoryInitialization(AbstractApplicationContext.java:962) [spring-context-6.1.5.jar:6.1.5]
	at org.springframework.context.support.AbstractApplicationContext.refresh(AbstractApplicationContext.java:624) [spring-context-6.1.5.jar:6.1.5]
	at org.springframework.boot.web.servlet.context.ServletWebServerApplicationContext.refresh(ServletWebServerApplicationContext.java:146) [spring-boot-3.2.4.jar:3.2.4]
	at org.springframework.boot.SpringApplication.refresh(SpringApplication.java:754) [spring-boot-3.2.4.jar:3.2.4]
	at org.springframework.boot.SpringApplication.refreshContext(SpringApplication.java:456) [spring-boot-3.2.4.jar:3.2.4]
	at org.springframework.boot.SpringApplication.run(SpringApplication.java:334) [spring-boot-3.2.4.jar:3.2.4]
	at org.springframework.boot.SpringApplication.run(SpringApplication.java:1354) [spring-boot-3.2.4.jar:3.2.4]
	at org.springframework.boot.SpringApplication.run(SpringApplication.java:1343) [spring-boot-3.2.4.jar:3.2.4]
	at FoodDelivery.auth.AuthServiceApplication.main(AuthServiceApplication.java:10) [classes/:?]
Caused by: java.util.concurrent.TimeoutException
	at java.base/java.util.concurrent.CompletableFuture.timedGet(CompletableFuture.java:1960) ~[?:?]
	at java.base/java.util.concurrent.CompletableFuture.get(CompletableFuture.java:2095) ~[?:?]
	at org.apache.kafka.common.internals.KafkaFutureImpl.get(KafkaFutureImpl.java:180) ~[kafka-clients-3.6.1.jar:?]
	at org.springframework.kafka.core.KafkaAdmin.lambda$checkPartitions$11(KafkaAdmin.java:502) ~[spring-kafka-3.1.3.jar:3.1.3]
	... 15 more
2026-03-16 20:06:10.959 ERROR [main] LoggingFailureAnalysisReporter - 

***************************
APPLICATION FAILED TO START
***************************

Description:

Failed to configure a DataSource: 'url' attribute is not specified and no embedded datasource could be configured.

Reason: Failed to determine a suitable driver class


Action:

Consider the following:
	If you want an embedded database (H2, HSQL or Derby), please put it on the classpath.
	If you have database settings to be loaded from a particular profile you may need to activate it (no profiles are currently active).

2026-03-16 20:06:45.903 ERROR [main] LoggingFailureAnalysisReporter - 

***************************
APPLICATION FAILED TO START
***************************

Description:

Failed to configure a DataSource: 'url' attribute is not specified and no embedded datasource could be configured.

Reason: Failed to determine a suitable driver class


Action:

Consider the following:
	If you want an embedded database (H2, HSQL or Derby), please put it on the classpath.
	If you have database settings to be loaded from a particular profile you may need to activate it (no profiles are currently active).

2026-03-16 21:36:10.687 ERROR [main] KafkaAdmin - Could not configure topics
org.springframework.kafka.KafkaException: Timed out waiting to get existing topics
	at org.springframework.kafka.core.KafkaAdmin.lambda$checkPartitions$11(KafkaAdmin.java:520) ~[spring-kafka-3.1.3.jar:3.1.3]
	at java.base/java.util.HashMap.forEach(HashMap.java:1429) ~[?:?]
	at org.springframework.kafka.core.KafkaAdmin.checkPartitions(KafkaAdmin.java:499) ~[spring-kafka-3.1.3.jar:3.1.3]
	at org.springframework.kafka.core.KafkaAdmin.addOrModifyTopicsIfNeeded(KafkaAdmin.java:392) ~[spring-kafka-3.1.3.jar:3.1.3]
	at org.springframework.kafka.core.KafkaAdmin.initialize(KafkaAdmin.java:258) [spring-kafka-3.1.3.jar:3.1.3]
	at org.springframework.kafka.core.KafkaAdmin.afterSingletonsInstantiated(KafkaAdmin.java:222) [spring-kafka-3.1.3.jar:3.1.3]
	at org.springframework.beans.factory.support.DefaultListableBeanFactory.preInstantiateSingletons(DefaultListableBeanFactory.java:986) [spring-beans-6.1.5.jar:6.1.5]
	at org.springframework.context.support.AbstractApplicationContext.finishBeanFactoryInitialization(AbstractApplicationContext.java:962) [spring-context-6.1.5.jar:6.1.5]
	at org.springframework.context.support.AbstractApplicationContext.refresh(AbstractApplicationContext.java:624) [spring-context-6.1.5.jar:6.1.5]
	at org.springframework.boot.web.servlet.context.ServletWebServerApplicationContext.refresh(ServletWebServerApplicationContext.java:146) [spring-boot-3.2.4.jar:3.2.4]
	at org.springframework.boot.SpringApplication.refresh(SpringApplication.java:754) [spring-boot-3.2.4.jar:3.2.4]
	at org.springframework.boot.SpringApplication.refreshContext(SpringApplication.java:456) [spring-boot-3.2.4.jar:3.2.4]
	at org.springframework.boot.SpringApplication.run(SpringApplication.java:334) [spring-boot-3.2.4.jar:3.2.4]
	at org.springframework.boot.SpringApplication.run(SpringApplication.java:1354) [spring-boot-3.2.4.jar:3.2.4]
	at org.springframework.boot.SpringApplication.run(SpringApplication.java:1343) [spring-boot-3.2.4.jar:3.2.4]
	at FoodDelivery.auth.AuthServiceApplication.main(AuthServiceApplication.java:10) [classes/:?]
Caused by: java.util.concurrent.TimeoutException
	at java.base/java.util.concurrent.CompletableFuture.timedGet(CompletableFuture.java:1960) ~[?:?]
	at java.base/java.util.concurrent.CompletableFuture.get(CompletableFuture.java:2095) ~[?:?]
	at org.apache.kafka.common.internals.KafkaFutureImpl.get(KafkaFutureImpl.java:180) ~[kafka-clients-3.6.1.jar:?]
	at org.springframework.kafka.core.KafkaAdmin.lambda$checkPartitions$11(KafkaAdmin.java:502) ~[spring-kafka-3.1.3.jar:3.1.3]
	... 15 more
2026-03-16 21:37:38.929 ERROR [main] SpringApplication - Application run failed
org.yaml.snakeyaml.scanner.ScannerException: while scanning for the next token
found character '\t(TAB)' that cannot start any token. (Do not use \t(TAB) for indentation)
 in 'reader', line 42, column 1:
    		- id: Delivery-service
    ^

	at org.yaml.snakeyaml.scanner.ScannerImpl.fetchMoreTokens(ScannerImpl.java:445) ~[snakeyaml-2.2.jar:?]
	at org.yaml.snakeyaml.scanner.ScannerImpl.checkToken(ScannerImpl.java:238) ~[snakeyaml-2.2.jar:?]
	at org.yaml.snakeyaml.parser.ParserImpl$ParseBlockSequenceEntryKey.produce(ParserImpl.java:537) ~[snakeyaml-2.2.jar:?]
	at org.yaml.snakeyaml.parser.ParserImpl.peekEvent(ParserImpl.java:161) ~[snakeyaml-2.2.jar:?]
	at org.yaml.snakeyaml.comments.CommentEventsCollector$1.peek(CommentEventsCollector.java:57) ~[snakeyaml-2.2.jar:?]
	at org.yaml.snakeyaml.comments.CommentEventsCollector$1.peek(CommentEventsCollector.java:43) ~[snakeyaml-2.2.jar:?]
	at org.yaml.snakeyaml.comments.CommentEventsCollector.collectEvents(CommentEventsCollector.java:136) ~[snakeyaml-2.2.jar:?]
	at org.yaml.snakeyaml.comments.CommentEventsCollector.collectEvents(CommentEventsCollector.java:116) ~[snakeyaml-2.2.jar:?]
	at org.yaml.snakeyaml.composer.Composer.composeScalarNode(Composer.java:241) ~[snakeyaml-2.2.jar:?]
	at org.yaml.snakeyaml.composer.Composer.composeNode(Composer.java:205) ~[snakeyaml-2.2.jar:?]
	at org.yaml.snakeyaml.composer.Composer.composeSequenceNode(Composer.java:277) ~[snakeyaml-2.2.jar:?]
	at org.yaml.snakeyaml.composer.Composer.composeNode(Composer.java:207) ~[snakeyaml-2.2.jar:?]
	at org.yaml.snakeyaml.composer.Composer.composeValueNode(Composer.java:369) ~[snakeyaml-2.2.jar:?]
	at org.yaml.snakeyaml.composer.Composer.composeMappingChildren(Composer.java:348) ~[snakeyaml-2.2.jar:?]
	at org.yaml.snakeyaml.composer.Composer.composeMappingNode(Composer.java:323) ~[snakeyaml-2.2.jar:?]
	at org.yaml.snakeyaml.composer.Composer.composeNode(Composer.java:209) ~[snakeyaml-2.2.jar:?]
	at org.yaml.snakeyaml.composer.Composer.composeSequenceNode(Composer.java:277) ~[snakeyaml-2.2.jar:?]
	at org.yaml.snakeyaml.composer.Composer.composeNode(Composer.java:207) ~[snakeyaml-2.2.jar:?]
	at org.yaml.snakeyaml.composer.Composer.composeValueNode(Composer.java:369) ~[snakeyaml-2.2.jar:?]
	at org.yaml.snakeyaml.composer.Composer.composeMappingChildren(Composer.java:348) ~[snakeyaml-2.2.jar:?]
	at org.yaml.snakeyaml.composer.Composer.composeMappingNode(Composer.java:323) ~[snakeyaml-2.2.jar:?]
	at org.yaml.snakeyaml.composer.Composer.composeNode(Composer.java:209) ~[snakeyaml-2.2.jar:?]
	at org.yaml.snakeyaml.composer.Composer.composeValueNode(Composer.java:369) ~[snakeyaml-2.2.jar:?]
	at org.yaml.snakeyaml.composer.Composer.composeMappingChildren(Composer.java:348) ~[snakeyaml-2.2.jar:?]
	at org.yaml.snakeyaml.composer.Composer.composeMappingNode(Composer.java:323) ~[snakeyaml-2.2.jar:?]
	at org.yaml.snakeyaml.composer.Composer.composeNode(Composer.java:209) ~[snakeyaml-2.2.jar:?]
	at org.yaml.snakeyaml.composer.Composer.composeValueNode(Composer.java:369) ~[snakeyaml-2.2.jar:?]
	at org.yaml.snakeyaml.composer.Composer.composeMappingChildren(Composer.java:348) ~[snakeyaml-2.2.jar:?]
	at org.yaml.snakeyaml.composer.Composer.composeMappingNode(Composer.java:323) ~[snakeyaml-2.2.jar:?]
	at org.yaml.snakeyaml.composer.Composer.composeNode(Composer.java:209) ~[snakeyaml-2.2.jar:?]
	at org.yaml.snakeyaml.composer.Composer.composeValueNode(Composer.java:369) ~[snakeyaml-2.2.jar:?]
	at org.yaml.snakeyaml.composer.Composer.composeMappingChildren(Composer.java:348) ~[snakeyaml-2.2.jar:?]
	at org.yaml.snakeyaml.composer.Composer.composeMappingNode(Composer.java:323) ~[snakeyaml-2.2.jar:?]
	at org.yaml.snakeyaml.composer.Composer.composeNode(Composer.java:209) ~[snakeyaml-2.2.jar:?]
	at org.yaml.snakeyaml.composer.Composer.getNode(Composer.java:131) ~[snakeyaml-2.2.jar:?]
	at org.yaml.snakeyaml.constructor.BaseConstructor.getData(BaseConstructor.java:162) ~[snakeyaml-2.2.jar:?]
	at org.springframework.boot.env.OriginTrackedYamlLoader$OriginTrackingConstructor.getData(OriginTrackedYamlLoader.java:99) ~[spring-boot-3.2.4.jar:3.2.4]
	at org.yaml.snakeyaml.Yaml$1.next(Yaml.java:515) ~[snakeyaml-2.2.jar:?]
	at org.springframework.beans.factory.config.YamlProcessor.process(YamlProcessor.java:203) ~[spring-beans-6.1.5.jar:6.1.5]
	at org.springframework.beans.factory.config.YamlProcessor.process(YamlProcessor.java:169) ~[spring-beans-6.1.5.jar:6.1.5]
	at org.springframework.boot.env.OriginTrackedYamlLoader.load(OriginTrackedYamlLoader.java:84) ~[spring-boot-3.2.4.jar:3.2.4]
	at org.springframework.boot.env.YamlPropertySourceLoader.load(YamlPropertySourceLoader.java:50) ~[spring-boot-3.2.4.jar:3.2.4]
	at org.springframework.boot.context.config.StandardConfigDataLoader.load(StandardConfigDataLoader.java:54) ~[spring-boot-3.2.4.jar:3.2.4]
	at org.springframework.boot.context.config.StandardConfigDataLoader.load(StandardConfigDataLoader.java:36) ~[spring-boot-3.2.4.jar:3.2.4]
	at org.springframework.boot.context.config.ConfigDataLoaders.load(ConfigDataLoaders.java:96) ~[spring-boot-3.2.4.jar:3.2.4]
	at org.springframework.boot.context.config.ConfigDataImporter.load(ConfigDataImporter.java:132) ~[spring-boot-3.2.4.jar:3.2.4]
	at org.springframework.boot.context.config.ConfigDataImporter.resolveAndLoad(ConfigDataImporter.java:87) ~[spring-boot-3.2.4.jar:3.2.4]
	at org.springframework.boot.context.config.ConfigDataEnvironmentContributors.withProcessedImports(ConfigDataEnvironmentContributors.java:115) ~[spring-boot-3.2.4.jar:3.2.4]
	at org.springframework.boot.context.config.ConfigDataEnvironment.processInitial(ConfigDataEnvironment.java:242) ~[spring-boot-3.2.4.jar:3.2.4]
	at org.springframework.boot.context.config.ConfigDataEnvironment.processAndApply(ConfigDataEnvironment.java:229) ~[spring-boot-3.2.4.jar:3.2.4]
	at org.springframework.boot.context.config.ConfigDataEnvironmentPostProcessor.postProcessEnvironment(ConfigDataEnvironmentPostProcessor.java:96) ~[spring-boot-3.2.4.jar:3.2.4]
	at org.springframework.boot.context.config.ConfigDataEnvironmentPostProcessor.postProcessEnvironment(ConfigDataEnvironmentPostProcessor.java:89) ~[spring-boot-3.2.4.jar:3.2.4]
	at org.springframework.boot.env.EnvironmentPostProcessorApplicationListener.onApplicationEnvironmentPreparedEvent(EnvironmentPostProcessorApplicationListener.java:109) ~[spring-boot-3.2.4.jar:3.2.4]
	at org.springframework.boot.env.EnvironmentPostProcessorApplicationListener.onApplicationEvent(EnvironmentPostProcessorApplicationListener.java:94) ~[spring-boot-3.2.4.jar:3.2.4]
	at org.springframework.context.event.SimpleApplicationEventMulticaster.doInvokeListener(SimpleApplicationEventMulticaster.java:185) ~[spring-context-6.1.5.jar:6.1.5]
	at org.springframework.context.event.SimpleApplicationEventMulticaster.invokeListener(SimpleApplicationEventMulticaster.java:178) ~[spring-context-6.1.5.jar:6.1.5]
	at org.springframework.context.event.SimpleApplicationEventMulticaster.multicastEvent(SimpleApplicationEventMulticaster.java:156) ~[spring-context-6.1.5.jar:6.1.5]
	at org.springframework.context.event.SimpleApplicationEventMulticaster.multicastEvent(SimpleApplicationEventMulticaster.java:138) ~[spring-context-6.1.5.jar:6.1.5]
	at org.springframework.boot.context.event.EventPublishingRunListener.multicastInitialEvent(EventPublishingRunListener.java:136) ~[spring-boot-3.2.4.jar:3.2.4]
	at org.springframework.boot.context.event.EventPublishingRunListener.environmentPrepared(EventPublishingRunListener.java:81) ~[spring-boot-3.2.4.jar:3.2.4]
	at org.springframework.boot.SpringApplicationRunListeners.lambda$environmentPrepared$2(SpringApplicationRunListeners.java:64) ~[spring-boot-3.2.4.jar:3.2.4]
	at java.base/java.lang.Iterable.forEach(Iterable.java:75) ~[?:?]
	at org.springframework.boot.SpringApplicationRunListeners.doWithListeners(SpringApplicationRunListeners.java:118) ~[spring-boot-3.2.4.jar:3.2.4]
	at org.springframework.boot.SpringApplicationRunListeners.doWithListeners(SpringApplicationRunListeners.java:112) ~[spring-boot-3.2.4.jar:3.2.4]
	at org.springframework.boot.SpringApplicationRunListeners.environmentPrepared(SpringApplicationRunListeners.java:63) ~[spring-boot-3.2.4.jar:3.2.4]
	at org.springframework.boot.SpringApplication.prepareEnvironment(SpringApplication.java:369) [spring-boot-3.2.4.jar:3.2.4]
	at org.springframework.boot.SpringApplication.run(SpringApplication.java:329) [spring-boot-3.2.4.jar:3.2.4]
	at org.springframework.boot.SpringApplication.run(SpringApplication.java:1354) [spring-boot-3.2.4.jar:3.2.4]
	at org.springframework.boot.SpringApplication.run(SpringApplication.java:1343) [spring-boot-3.2.4.jar:3.2.4]
	at FoodDelivery.auth.AuthServiceApplication.main(AuthServiceApplication.java:10) [classes/:?]
2026-03-16 21:40:35.908 ERROR [main] LoggingFailureAnalysisReporter - 

***************************
APPLICATION FAILED TO START
***************************

Description:

Failed to configure a DataSource: 'url' attribute is not specified and no embedded datasource could be configured.

Reason: Failed to determine a suitable driver class


Action:

Consider the following:
	If you want an embedded database (H2, HSQL or Derby), please put it on the classpath.
	If you have database settings to be loaded from a particular profile you may need to activate it (no profiles are currently active).

2026-03-16 21:42:11.497 ERROR [main] SpringApplication - Application run failed
org.yaml.snakeyaml.scanner.ScannerException: while scanning for the next token
found character '\t(TAB)' that cannot start any token. (Do not use \t(TAB) for indentation)
 in 'reader', line 42, column 1:
    		
    ^

	at org.yaml.snakeyaml.scanner.ScannerImpl.fetchMoreTokens(ScannerImpl.java:445) ~[snakeyaml-2.2.jar:?]
	at org.yaml.snakeyaml.scanner.ScannerImpl.checkToken(ScannerImpl.java:238) ~[snakeyaml-2.2.jar:?]
	at org.yaml.snakeyaml.parser.ParserImpl$ParseBlockSequenceEntryKey.produce(ParserImpl.java:537) ~[snakeyaml-2.2.jar:?]
	at org.yaml.snakeyaml.parser.ParserImpl.peekEvent(ParserImpl.java:161) ~[snakeyaml-2.2.jar:?]
	at org.yaml.snakeyaml.comments.CommentEventsCollector$1.peek(CommentEventsCollector.java:57) ~[snakeyaml-2.2.jar:?]
	at org.yaml.snakeyaml.comments.CommentEventsCollector$1.peek(CommentEventsCollector.java:43) ~[snakeyaml-2.2.jar:?]
	at org.yaml.snakeyaml.comments.CommentEventsCollector.collectEvents(CommentEventsCollector.java:136) ~[snakeyaml-2.2.jar:?]
	at org.yaml.snakeyaml.comments.CommentEventsCollector.collectEvents(CommentEventsCollector.java:116) ~[snakeyaml-2.2.jar:?]
	at org.yaml.snakeyaml.composer.Composer.composeScalarNode(Composer.java:241) ~[snakeyaml-2.2.jar:?]
	at org.yaml.snakeyaml.composer.Composer.composeNode(Composer.java:205) ~[snakeyaml-2.2.jar:?]
	at org.yaml.snakeyaml.composer.Composer.composeSequenceNode(Composer.java:277) ~[snakeyaml-2.2.jar:?]
	at org.yaml.snakeyaml.composer.Composer.composeNode(Composer.java:207) ~[snakeyaml-2.2.jar:?]
	at org.yaml.snakeyaml.composer.Composer.composeValueNode(Composer.java:369) ~[snakeyaml-2.2.jar:?]
	at org.yaml.snakeyaml.composer.Composer.composeMappingChildren(Composer.java:348) ~[snakeyaml-2.2.jar:?]
	at org.yaml.snakeyaml.composer.Composer.composeMappingNode(Composer.java:323) ~[snakeyaml-2.2.jar:?]
	at org.yaml.snakeyaml.composer.Composer.composeNode(Composer.java:209) ~[snakeyaml-2.2.jar:?]
	at org.yaml.snakeyaml.composer.Composer.composeSequenceNode(Composer.java:277) ~[snakeyaml-2.2.jar:?]
	at org.yaml.snakeyaml.composer.Composer.composeNode(Composer.java:207) ~[snakeyaml-2.2.jar:?]
	at org.yaml.snakeyaml.composer.Composer.composeValueNode(Composer.java:369) ~[snakeyaml-2.2.jar:?]
	at org.yaml.snakeyaml.composer.Composer.composeMappingChildren(Composer.java:348) ~[snakeyaml-2.2.jar:?]
	at org.yaml.snakeyaml.composer.Composer.composeMappingNode(Composer.java:323) ~[snakeyaml-2.2.jar:?]
	at org.yaml.snakeyaml.composer.Composer.composeNode(Composer.java:209) ~[snakeyaml-2.2.jar:?]
	at org.yaml.snakeyaml.composer.Composer.composeValueNode(Composer.java:369) ~[snakeyaml-2.2.jar:?]
	at org.yaml.snakeyaml.composer.Composer.composeMappingChildren(Composer.java:348) ~[snakeyaml-2.2.jar:?]
	at org.yaml.snakeyaml.composer.Composer.composeMappingNode(Composer.java:323) ~[snakeyaml-2.2.jar:?]
	at org.yaml.snakeyaml.composer.Composer.composeNode(Composer.java:209) ~[snakeyaml-2.2.jar:?]
	at org.yaml.snakeyaml.composer.Composer.composeValueNode(Composer.java:369) ~[snakeyaml-2.2.jar:?]
	at org.yaml.snakeyaml.composer.Composer.composeMappingChildren(Composer.java:348) ~[snakeyaml-2.2.jar:?]
	at org.yaml.snakeyaml.composer.Composer.composeMappingNode(Composer.java:323) ~[snakeyaml-2.2.jar:?]
	at org.yaml.snakeyaml.composer.Composer.composeNode(Composer.java:209) ~[snakeyaml-2.2.jar:?]
	at org.yaml.snakeyaml.composer.Composer.composeValueNode(Composer.java:369) ~[snakeyaml-2.2.jar:?]
	at org.yaml.snakeyaml.composer.Composer.composeMappingChildren(Composer.java:348) ~[snakeyaml-2.2.jar:?]
	at org.yaml.snakeyaml.composer.Composer.composeMappingNode(Composer.java:323) ~[snakeyaml-2.2.jar:?]
	at org.yaml.snakeyaml.composer.Composer.composeNode(Composer.java:209) ~[snakeyaml-2.2.jar:?]
	at org.yaml.snakeyaml.composer.Composer.getNode(Composer.java:131) ~[snakeyaml-2.2.jar:?]
	at org.yaml.snakeyaml.constructor.BaseConstructor.getData(BaseConstructor.java:162) ~[snakeyaml-2.2.jar:?]
	at org.springframework.boot.env.OriginTrackedYamlLoader$OriginTrackingConstructor.getData(OriginTrackedYamlLoader.java:99) ~[spring-boot-3.2.4.jar:3.2.4]
	at org.yaml.snakeyaml.Yaml$1.next(Yaml.java:515) ~[snakeyaml-2.2.jar:?]
	at org.springframework.beans.factory.config.YamlProcessor.process(YamlProcessor.java:203) ~[spring-beans-6.1.5.jar:6.1.5]
	at org.springframework.beans.factory.config.YamlProcessor.process(YamlProcessor.java:169) ~[spring-beans-6.1.5.jar:6.1.5]
	at org.springframework.boot.env.OriginTrackedYamlLoader.load(OriginTrackedYamlLoader.java:84) ~[spring-boot-3.2.4.jar:3.2.4]
	at org.springframework.boot.env.YamlPropertySourceLoader.load(YamlPropertySourceLoader.java:50) ~[spring-boot-3.2.4.jar:3.2.4]
	at org.springframework.boot.context.config.StandardConfigDataLoader.load(StandardConfigDataLoader.java:54) ~[spring-boot-3.2.4.jar:3.2.4]
	at org.springframework.boot.context.config.StandardConfigDataLoader.load(StandardConfigDataLoader.java:36) ~[spring-boot-3.2.4.jar:3.2.4]
	at org.springframework.boot.context.config.ConfigDataLoaders.load(ConfigDataLoaders.java:96) ~[spring-boot-3.2.4.jar:3.2.4]
	at org.springframework.boot.context.config.ConfigDataImporter.load(ConfigDataImporter.java:132) ~[spring-boot-3.2.4.jar:3.2.4]
	at org.springframework.boot.context.config.ConfigDataImporter.resolveAndLoad(ConfigDataImporter.java:87) ~[spring-boot-3.2.4.jar:3.2.4]
	at org.springframework.boot.context.config.ConfigDataEnvironmentContributors.withProcessedImports(ConfigDataEnvironmentContributors.java:115) ~[spring-boot-3.2.4.jar:3.2.4]
	at org.springframework.boot.context.config.ConfigDataEnvironment.processInitial(ConfigDataEnvironment.java:242) ~[spring-boot-3.2.4.jar:3.2.4]
	at org.springframework.boot.context.config.ConfigDataEnvironment.processAndApply(ConfigDataEnvironment.java:229) ~[spring-boot-3.2.4.jar:3.2.4]
	at org.springframework.boot.context.config.ConfigDataEnvironmentPostProcessor.postProcessEnvironment(ConfigDataEnvironmentPostProcessor.java:96) ~[spring-boot-3.2.4.jar:3.2.4]
	at org.springframework.boot.context.config.ConfigDataEnvironmentPostProcessor.postProcessEnvironment(ConfigDataEnvironmentPostProcessor.java:89) ~[spring-boot-3.2.4.jar:3.2.4]
	at org.springframework.boot.env.EnvironmentPostProcessorApplicationListener.onApplicationEnvironmentPreparedEvent(EnvironmentPostProcessorApplicationListener.java:109) ~[spring-boot-3.2.4.jar:3.2.4]
	at org.springframework.boot.env.EnvironmentPostProcessorApplicationListener.onApplicationEvent(EnvironmentPostProcessorApplicationListener.java:94) ~[spring-boot-3.2.4.jar:3.2.4]
	at org.springframework.context.event.SimpleApplicationEventMulticaster.doInvokeListener(SimpleApplicationEventMulticaster.java:185) ~[spring-context-6.1.5.jar:6.1.5]
	at org.springframework.context.event.SimpleApplicationEventMulticaster.invokeListener(SimpleApplicationEventMulticaster.java:178) ~[spring-context-6.1.5.jar:6.1.5]
	at org.springframework.context.event.SimpleApplicationEventMulticaster.multicastEvent(SimpleApplicationEventMulticaster.java:156) ~[spring-context-6.1.5.jar:6.1.5]
	at org.springframework.context.event.SimpleApplicationEventMulticaster.multicastEvent(SimpleApplicationEventMulticaster.java:138) ~[spring-context-6.1.5.jar:6.1.5]
	at org.springframework.boot.context.event.EventPublishingRunListener.multicastInitialEvent(EventPublishingRunListener.java:136) ~[spring-boot-3.2.4.jar:3.2.4]
	at org.springframework.boot.context.event.EventPublishingRunListener.environmentPrepared(EventPublishingRunListener.java:81) ~[spring-boot-3.2.4.jar:3.2.4]
	at org.springframework.boot.SpringApplicationRunListeners.lambda$environmentPrepared$2(SpringApplicationRunListeners.java:64) ~[spring-boot-3.2.4.jar:3.2.4]
	at java.base/java.lang.Iterable.forEach(Iterable.java:75) ~[?:?]
	at org.springframework.boot.SpringApplicationRunListeners.doWithListeners(SpringApplicationRunListeners.java:118) ~[spring-boot-3.2.4.jar:3.2.4]
	at org.springframework.boot.SpringApplicationRunListeners.doWithListeners(SpringApplicationRunListeners.java:112) ~[spring-boot-3.2.4.jar:3.2.4]
	at org.springframework.boot.SpringApplicationRunListeners.environmentPrepared(SpringApplicationRunListeners.java:63) ~[spring-boot-3.2.4.jar:3.2.4]
	at org.springframework.boot.SpringApplication.prepareEnvironment(SpringApplication.java:369) [spring-boot-3.2.4.jar:3.2.4]
	at org.springframework.boot.SpringApplication.run(SpringApplication.java:329) [spring-boot-3.2.4.jar:3.2.4]
	at org.springframework.boot.SpringApplication.run(SpringApplication.java:1354) [spring-boot-3.2.4.jar:3.2.4]
	at org.springframework.boot.SpringApplication.run(SpringApplication.java:1343) [spring-boot-3.2.4.jar:3.2.4]
	at FoodDelivery.auth.AuthServiceApplication.main(AuthServiceApplication.java:10) [classes/:?]
2026-03-16 21:43:11.153 ERROR [main] SpringApplication - Application run failed
org.yaml.snakeyaml.scanner.ScannerException: while scanning for the next token
found character '\t(TAB)' that cannot start any token. (Do not use \t(TAB) for indentation)
 in 'reader', line 42, column 1:
    		
    ^

	at org.yaml.snakeyaml.scanner.ScannerImpl.fetchMoreTokens(ScannerImpl.java:445) ~[snakeyaml-2.2.jar:?]
	at org.yaml.snakeyaml.scanner.ScannerImpl.checkToken(ScannerImpl.java:238) ~[snakeyaml-2.2.jar:?]
	at org.yaml.snakeyaml.parser.ParserImpl$ParseBlockSequenceEntryKey.produce(ParserImpl.java:537) ~[snakeyaml-2.2.jar:?]
	at org.yaml.snakeyaml.parser.ParserImpl.peekEvent(ParserImpl.java:161) ~[snakeyaml-2.2.jar:?]
	at org.yaml.snakeyaml.comments.CommentEventsCollector$1.peek(CommentEventsCollector.java:57) ~[snakeyaml-2.2.jar:?]
	at org.yaml.snakeyaml.comments.CommentEventsCollector$1.peek(CommentEventsCollector.java:43) ~[snakeyaml-2.2.jar:?]
	at org.yaml.snakeyaml.comments.CommentEventsCollector.collectEvents(CommentEventsCollector.java:136) ~[snakeyaml-2.2.jar:?]
	at org.yaml.snakeyaml.comments.CommentEventsCollector.collectEvents(CommentEventsCollector.java:116) ~[snakeyaml-2.2.jar:?]
	at org.yaml.snakeyaml.composer.Composer.composeScalarNode(Composer.java:241) ~[snakeyaml-2.2.jar:?]
	at org.yaml.snakeyaml.composer.Composer.composeNode(Composer.java:205) ~[snakeyaml-2.2.jar:?]
	at org.yaml.snakeyaml.composer.Composer.composeSequenceNode(Composer.java:277) ~[snakeyaml-2.2.jar:?]
	at org.yaml.snakeyaml.composer.Composer.composeNode(Composer.java:207) ~[snakeyaml-2.2.jar:?]
	at org.yaml.snakeyaml.composer.Composer.composeValueNode(Composer.java:369) ~[snakeyaml-2.2.jar:?]
	at org.yaml.snakeyaml.composer.Composer.composeMappingChildren(Composer.java:348) ~[snakeyaml-2.2.jar:?]
	at org.yaml.snakeyaml.composer.Composer.composeMappingNode(Composer.java:323) ~[snakeyaml-2.2.jar:?]
	at org.yaml.snakeyaml.composer.Composer.composeNode(Composer.java:209) ~[snakeyaml-2.2.jar:?]
	at org.yaml.snakeyaml.composer.Composer.composeSequenceNode(Composer.java:277) ~[snakeyaml-2.2.jar:?]
	at org.yaml.snakeyaml.composer.Composer.composeNode(Composer.java:207) ~[snakeyaml-2.2.jar:?]
	at org.yaml.snakeyaml.composer.Composer.composeValueNode(Composer.java:369) ~[snakeyaml-2.2.jar:?]
	at org.yaml.snakeyaml.composer.Composer.composeMappingChildren(Composer.java:348) ~[snakeyaml-2.2.jar:?]
	at org.yaml.snakeyaml.composer.Composer.composeMappingNode(Composer.java:323) ~[snakeyaml-2.2.jar:?]
	at org.yaml.snakeyaml.composer.Composer.composeNode(Composer.java:209) ~[snakeyaml-2.2.jar:?]
	at org.yaml.snakeyaml.composer.Composer.composeValueNode(Composer.java:369) ~[snakeyaml-2.2.jar:?]
	at org.yaml.snakeyaml.composer.Composer.composeMappingChildren(Composer.java:348) ~[snakeyaml-2.2.jar:?]
	at org.yaml.snakeyaml.composer.Composer.composeMappingNode(Composer.java:323) ~[snakeyaml-2.2.jar:?]
	at org.yaml.snakeyaml.composer.Composer.composeNode(Composer.java:209) ~[snakeyaml-2.2.jar:?]
	at org.yaml.snakeyaml.composer.Composer.composeValueNode(Composer.java:369) ~[snakeyaml-2.2.jar:?]
	at org.yaml.snakeyaml.composer.Composer.composeMappingChildren(Composer.java:348) ~[snakeyaml-2.2.jar:?]
	at org.yaml.snakeyaml.composer.Composer.composeMappingNode(Composer.java:323) ~[snakeyaml-2.2.jar:?]
	at org.yaml.snakeyaml.composer.Composer.composeNode(Composer.java:209) ~[snakeyaml-2.2.jar:?]
	at org.yaml.snakeyaml.composer.Composer.composeValueNode(Composer.java:369) ~[snakeyaml-2.2.jar:?]
	at org.yaml.snakeyaml.composer.Composer.composeMappingChildren(Composer.java:348) ~[snakeyaml-2.2.jar:?]
	at org.yaml.snakeyaml.composer.Composer.composeMappingNode(Composer.java:323) ~[snakeyaml-2.2.jar:?]
	at org.yaml.snakeyaml.composer.Composer.composeNode(Composer.java:209) ~[snakeyaml-2.2.jar:?]
	at org.yaml.snakeyaml.composer.Composer.getNode(Composer.java:131) ~[snakeyaml-2.2.jar:?]
	at org.yaml.snakeyaml.constructor.BaseConstructor.getData(BaseConstructor.java:162) ~[snakeyaml-2.2.jar:?]
	at org.springframework.boot.env.OriginTrackedYamlLoader$OriginTrackingConstructor.getData(OriginTrackedYamlLoader.java:99) ~[spring-boot-3.2.4.jar:3.2.4]
	at org.yaml.snakeyaml.Yaml$1.next(Yaml.java:515) ~[snakeyaml-2.2.jar:?]
	at org.springframework.beans.factory.config.YamlProcessor.process(YamlProcessor.java:203) ~[spring-beans-6.1.5.jar:6.1.5]
	at org.springframework.beans.factory.config.YamlProcessor.process(YamlProcessor.java:169) ~[spring-beans-6.1.5.jar:6.1.5]
	at org.springframework.boot.env.OriginTrackedYamlLoader.load(OriginTrackedYamlLoader.java:84) ~[spring-boot-3.2.4.jar:3.2.4]
	at org.springframework.boot.env.YamlPropertySourceLoader.load(YamlPropertySourceLoader.java:50) ~[spring-boot-3.2.4.jar:3.2.4]
	at org.springframework.boot.context.config.StandardConfigDataLoader.load(StandardConfigDataLoader.java:54) ~[spring-boot-3.2.4.jar:3.2.4]
	at org.springframework.boot.context.config.StandardConfigDataLoader.load(StandardConfigDataLoader.java:36) ~[spring-boot-3.2.4.jar:3.2.4]
	at org.springframework.boot.context.config.ConfigDataLoaders.load(ConfigDataLoaders.java:96) ~[spring-boot-3.2.4.jar:3.2.4]
	at org.springframework.boot.context.config.ConfigDataImporter.load(ConfigDataImporter.java:132) ~[spring-boot-3.2.4.jar:3.2.4]
	at org.springframework.boot.context.config.ConfigDataImporter.resolveAndLoad(ConfigDataImporter.java:87) ~[spring-boot-3.2.4.jar:3.2.4]
	at org.springframework.boot.context.config.ConfigDataEnvironmentContributors.withProcessedImports(ConfigDataEnvironmentContributors.java:115) ~[spring-boot-3.2.4.jar:3.2.4]
	at org.springframework.boot.context.config.ConfigDataEnvironment.processInitial(ConfigDataEnvironment.java:242) ~[spring-boot-3.2.4.jar:3.2.4]
	at org.springframework.boot.context.config.ConfigDataEnvironment.processAndApply(ConfigDataEnvironment.java:229) ~[spring-boot-3.2.4.jar:3.2.4]
	at org.springframework.boot.context.config.ConfigDataEnvironmentPostProcessor.postProcessEnvironment(ConfigDataEnvironmentPostProcessor.java:96) ~[spring-boot-3.2.4.jar:3.2.4]
	at org.springframework.boot.context.config.ConfigDataEnvironmentPostProcessor.postProcessEnvironment(ConfigDataEnvironmentPostProcessor.java:89) ~[spring-boot-3.2.4.jar:3.2.4]
	at org.springframework.boot.env.EnvironmentPostProcessorApplicationListener.onApplicationEnvironmentPreparedEvent(EnvironmentPostProcessorApplicationListener.java:109) ~[spring-boot-3.2.4.jar:3.2.4]
	at org.springframework.boot.env.EnvironmentPostProcessorApplicationListener.onApplicationEvent(EnvironmentPostProcessorApplicationListener.java:94) ~[spring-boot-3.2.4.jar:3.2.4]
	at org.springframework.context.event.SimpleApplicationEventMulticaster.doInvokeListener(SimpleApplicationEventMulticaster.java:185) ~[spring-context-6.1.5.jar:6.1.5]
	at org.springframework.context.event.SimpleApplicationEventMulticaster.invokeListener(SimpleApplicationEventMulticaster.java:178) ~[spring-context-6.1.5.jar:6.1.5]
	at org.springframework.context.event.SimpleApplicationEventMulticaster.multicastEvent(SimpleApplicationEventMulticaster.java:156) ~[spring-context-6.1.5.jar:6.1.5]
	at org.springframework.context.event.SimpleApplicationEventMulticaster.multicastEvent(SimpleApplicationEventMulticaster.java:138) ~[spring-context-6.1.5.jar:6.1.5]
	at org.springframework.boot.context.event.EventPublishingRunListener.multicastInitialEvent(EventPublishingRunListener.java:136) ~[spring-boot-3.2.4.jar:3.2.4]
	at org.springframework.boot.context.event.EventPublishingRunListener.environmentPrepared(EventPublishingRunListener.java:81) ~[spring-boot-3.2.4.jar:3.2.4]
	at org.springframework.boot.SpringApplicationRunListeners.lambda$environmentPrepared$2(SpringApplicationRunListeners.java:64) ~[spring-boot-3.2.4.jar:3.2.4]
	at java.base/java.lang.Iterable.forEach(Iterable.java:75) ~[?:?]
	at org.springframework.boot.SpringApplicationRunListeners.doWithListeners(SpringApplicationRunListeners.java:118) ~[spring-boot-3.2.4.jar:3.2.4]
	at org.springframework.boot.SpringApplicationRunListeners.doWithListeners(SpringApplicationRunListeners.java:112) ~[spring-boot-3.2.4.jar:3.2.4]
	at org.springframework.boot.SpringApplicationRunListeners.environmentPrepared(SpringApplicationRunListeners.java:63) ~[spring-boot-3.2.4.jar:3.2.4]
	at org.springframework.boot.SpringApplication.prepareEnvironment(SpringApplication.java:369) [spring-boot-3.2.4.jar:3.2.4]
	at org.springframework.boot.SpringApplication.run(SpringApplication.java:329) [spring-boot-3.2.4.jar:3.2.4]
	at org.springframework.boot.SpringApplication.run(SpringApplication.java:1354) [spring-boot-3.2.4.jar:3.2.4]
	at org.springframework.boot.SpringApplication.run(SpringApplication.java:1343) [spring-boot-3.2.4.jar:3.2.4]
	at FoodDelivery.auth.AuthServiceApplication.main(AuthServiceApplication.java:10) [classes/:?]
2026-03-16 21:44:57.624 ERROR [main] KafkaAdmin - Could not configure topics
org.springframework.kafka.KafkaException: Timed out waiting to get existing topics
	at org.springframework.kafka.core.KafkaAdmin.lambda$checkPartitions$11(KafkaAdmin.java:520) ~[spring-kafka-3.1.3.jar:3.1.3]
	at java.base/java.util.HashMap.forEach(HashMap.java:1429) ~[?:?]
	at org.springframework.kafka.core.KafkaAdmin.checkPartitions(KafkaAdmin.java:499) ~[spring-kafka-3.1.3.jar:3.1.3]
	at org.springframework.kafka.core.KafkaAdmin.addOrModifyTopicsIfNeeded(KafkaAdmin.java:392) ~[spring-kafka-3.1.3.jar:3.1.3]
	at org.springframework.kafka.core.KafkaAdmin.initialize(KafkaAdmin.java:258) [spring-kafka-3.1.3.jar:3.1.3]
	at org.springframework.kafka.core.KafkaAdmin.afterSingletonsInstantiated(KafkaAdmin.java:222) [spring-kafka-3.1.3.jar:3.1.3]
	at org.springframework.beans.factory.support.DefaultListableBeanFactory.preInstantiateSingletons(DefaultListableBeanFactory.java:986) [spring-beans-6.1.5.jar:6.1.5]
	at org.springframework.context.support.AbstractApplicationContext.finishBeanFactoryInitialization(AbstractApplicationContext.java:962) [spring-context-6.1.5.jar:6.1.5]
	at org.springframework.context.support.AbstractApplicationContext.refresh(AbstractApplicationContext.java:624) [spring-context-6.1.5.jar:6.1.5]
	at org.springframework.boot.web.servlet.context.ServletWebServerApplicationContext.refresh(ServletWebServerApplicationContext.java:146) [spring-boot-3.2.4.jar:3.2.4]
	at org.springframework.boot.SpringApplication.refresh(SpringApplication.java:754) [spring-boot-3.2.4.jar:3.2.4]
	at org.springframework.boot.SpringApplication.refreshContext(SpringApplication.java:456) [spring-boot-3.2.4.jar:3.2.4]
	at org.springframework.boot.SpringApplication.run(SpringApplication.java:334) [spring-boot-3.2.4.jar:3.2.4]
	at org.springframework.boot.SpringApplication.run(SpringApplication.java:1354) [spring-boot-3.2.4.jar:3.2.4]
	at org.springframework.boot.SpringApplication.run(SpringApplication.java:1343) [spring-boot-3.2.4.jar:3.2.4]
	at FoodDelivery.auth.AuthServiceApplication.main(AuthServiceApplication.java:10) [classes/:?]
Caused by: java.util.concurrent.TimeoutException
	at java.base/java.util.concurrent.CompletableFuture.timedGet(CompletableFuture.java:1960) ~[?:?]
	at java.base/java.util.concurrent.CompletableFuture.get(CompletableFuture.java:2095) ~[?:?]
	at org.apache.kafka.common.internals.KafkaFutureImpl.get(KafkaFutureImpl.java:180) ~[kafka-clients-3.6.1.jar:?]
	at org.springframework.kafka.core.KafkaAdmin.lambda$checkPartitions$11(KafkaAdmin.java:502) ~[spring-kafka-3.1.3.jar:3.1.3]
	... 15 more
2026-03-16 21:54:45.542 ERROR [main] KafkaAdmin - Could not configure topics
org.springframework.kafka.KafkaException: Timed out waiting to get existing topics
	at org.springframework.kafka.core.KafkaAdmin.lambda$checkPartitions$11(KafkaAdmin.java:520) ~[spring-kafka-3.1.3.jar:3.1.3]
	at java.base/java.util.HashMap.forEach(HashMap.java:1429) ~[?:?]
	at org.springframework.kafka.core.KafkaAdmin.checkPartitions(KafkaAdmin.java:499) ~[spring-kafka-3.1.3.jar:3.1.3]
	at org.springframework.kafka.core.KafkaAdmin.addOrModifyTopicsIfNeeded(KafkaAdmin.java:392) ~[spring-kafka-3.1.3.jar:3.1.3]
	at org.springframework.kafka.core.KafkaAdmin.initialize(KafkaAdmin.java:258) [spring-kafka-3.1.3.jar:3.1.3]
	at org.springframework.kafka.core.KafkaAdmin.afterSingletonsInstantiated(KafkaAdmin.java:222) [spring-kafka-3.1.3.jar:3.1.3]
	at org.springframework.beans.factory.support.DefaultListableBeanFactory.preInstantiateSingletons(DefaultListableBeanFactory.java:986) [spring-beans-6.1.5.jar:6.1.5]
	at org.springframework.context.support.AbstractApplicationContext.finishBeanFactoryInitialization(AbstractApplicationContext.java:962) [spring-context-6.1.5.jar:6.1.5]
	at org.springframework.context.support.AbstractApplicationContext.refresh(AbstractApplicationContext.java:624) [spring-context-6.1.5.jar:6.1.5]
	at org.springframework.boot.web.servlet.context.ServletWebServerApplicationContext.refresh(ServletWebServerApplicationContext.java:146) [spring-boot-3.2.4.jar:3.2.4]
	at org.springframework.boot.SpringApplication.refresh(SpringApplication.java:754) [spring-boot-3.2.4.jar:3.2.4]
	at org.springframework.boot.SpringApplication.refreshContext(SpringApplication.java:456) [spring-boot-3.2.4.jar:3.2.4]
	at org.springframework.boot.SpringApplication.run(SpringApplication.java:334) [spring-boot-3.2.4.jar:3.2.4]
	at org.springframework.boot.SpringApplication.run(SpringApplication.java:1354) [spring-boot-3.2.4.jar:3.2.4]
	at org.springframework.boot.SpringApplication.run(SpringApplication.java:1343) [spring-boot-3.2.4.jar:3.2.4]
	at FoodDelivery.auth.AuthServiceApplication.main(AuthServiceApplication.java:10) [classes/:?]
Caused by: java.util.concurrent.TimeoutException
	at java.base/java.util.concurrent.CompletableFuture.timedGet(CompletableFuture.java:1960) ~[?:?]
	at java.base/java.util.concurrent.CompletableFuture.get(CompletableFuture.java:2095) ~[?:?]
	at org.apache.kafka.common.internals.KafkaFutureImpl.get(KafkaFutureImpl.java:180) ~[kafka-clients-3.6.1.jar:?]
	at org.springframework.kafka.core.KafkaAdmin.lambda$checkPartitions$11(KafkaAdmin.java:502) ~[spring-kafka-3.1.3.jar:3.1.3]
	... 15 more
2026-03-16 22:24:07.834 ERROR [main] KafkaAdmin - Could not configure topics
org.springframework.kafka.KafkaException: Timed out waiting to get existing topics
	at org.springframework.kafka.core.KafkaAdmin.lambda$checkPartitions$11(KafkaAdmin.java:520) ~[spring-kafka-3.1.3.jar:3.1.3]
	at java.base/java.util.HashMap.forEach(HashMap.java:1429) ~[?:?]
	at org.springframework.kafka.core.KafkaAdmin.checkPartitions(KafkaAdmin.java:499) ~[spring-kafka-3.1.3.jar:3.1.3]
	at org.springframework.kafka.core.KafkaAdmin.addOrModifyTopicsIfNeeded(KafkaAdmin.java:392) ~[spring-kafka-3.1.3.jar:3.1.3]
	at org.springframework.kafka.core.KafkaAdmin.initialize(KafkaAdmin.java:258) [spring-kafka-3.1.3.jar:3.1.3]
	at org.springframework.kafka.core.KafkaAdmin.afterSingletonsInstantiated(KafkaAdmin.java:222) [spring-kafka-3.1.3.jar:3.1.3]
	at org.springframework.beans.factory.support.DefaultListableBeanFactory.preInstantiateSingletons(DefaultListableBeanFactory.java:986) [spring-beans-6.1.5.jar:6.1.5]
	at org.springframework.context.support.AbstractApplicationContext.finishBeanFactoryInitialization(AbstractApplicationContext.java:962) [spring-context-6.1.5.jar:6.1.5]
	at org.springframework.context.support.AbstractApplicationContext.refresh(AbstractApplicationContext.java:624) [spring-context-6.1.5.jar:6.1.5]
	at org.springframework.boot.web.servlet.context.ServletWebServerApplicationContext.refresh(ServletWebServerApplicationContext.java:146) [spring-boot-3.2.4.jar:3.2.4]
	at org.springframework.boot.SpringApplication.refresh(SpringApplication.java:754) [spring-boot-3.2.4.jar:3.2.4]
	at org.springframework.boot.SpringApplication.refreshContext(SpringApplication.java:456) [spring-boot-3.2.4.jar:3.2.4]
	at org.springframework.boot.SpringApplication.run(SpringApplication.java:334) [spring-boot-3.2.4.jar:3.2.4]
	at org.springframework.boot.SpringApplication.run(SpringApplication.java:1354) [spring-boot-3.2.4.jar:3.2.4]
	at org.springframework.boot.SpringApplication.run(SpringApplication.java:1343) [spring-boot-3.2.4.jar:3.2.4]
	at FoodDelivery.auth.AuthServiceApplication.main(AuthServiceApplication.java:10) [classes/:?]
Caused by: java.util.concurrent.TimeoutException
	at java.base/java.util.concurrent.CompletableFuture.timedGet(CompletableFuture.java:1960) ~[?:?]
	at java.base/java.util.concurrent.CompletableFuture.get(CompletableFuture.java:2095) ~[?:?]
	at org.apache.kafka.common.internals.KafkaFutureImpl.get(KafkaFutureImpl.java:180) ~[kafka-clients-3.6.1.jar:?]
	at org.springframework.kafka.core.KafkaAdmin.lambda$checkPartitions$11(KafkaAdmin.java:502) ~[spring-kafka-3.1.3.jar:3.1.3]
	... 15 more
